2024-12-31 17:18:19,536 - INFO - Found 1 GPU(s)
2024-12-31 17:18:19,537 - INFO - Enabled memory growth for GPU: PhysicalDevice(name='/physical_device:GPU:0', device_type='GPU')
2024-12-31 17:18:20,233 - INFO - Physical GPUs: 1, Logical GPUs: 1
2024-12-31 17:18:20,234 - INFO - Initializing DataLoader with parameters: image_size=128, batch_size=8, validation_split=0.2
2024-12-31 17:18:20,234 - INFO - Starting to load dataset from ./Dataset
2024-12-31 17:18:20,234 - INFO - Found 4 categories: ['agri', 'barrenland', 'grassland', 'urban']
2024-12-31 17:18:20,250 - INFO - Found 4000 image pairs in category 'agri'
2024-12-31 17:18:20,279 - INFO - Found 4000 image pairs in category 'barrenland'
2024-12-31 17:18:20,310 - INFO - Found 4000 image pairs in category 'grassland'
2024-12-31 17:18:20,341 - INFO - Found 4000 image pairs in category 'urban'
2024-12-31 17:18:20,722 - INFO - Dataset pipeline setup completed in 0.49 seconds
2024-12-31 17:18:25,702 - INFO - Mixed precision compatibility check (mixed_float16): OK
Your GPU will likely run quickly with dtype policy mixed_float16 as it has compute capability of at least 7.0. Your GPU: NVIDIA GeForce RTX 3060 Laptop GPU, compute capability 8.6
2024-12-31 17:18:25,705 - INFO - Total trainable parameters: 7,857,776
2024-12-31 17:18:30,497 - WARNING - Model was constructed with shape (1, 16, 16, 192) for input KerasTensor(type_spec=TensorSpec(shape=(1, 16, 16, 192), dtype=tf.float32, name='conv2d_transpose_input'), name='conv2d_transpose_input', description="created by layer 'conv2d_transpose_input'"), but it was called on an input with incompatible shape (8, 16, 16, 192).
2024-12-31 17:18:31,699 - WARNING - Model was constructed with shape (1, 16, 16, 192) for input KerasTensor(type_spec=TensorSpec(shape=(1, 16, 16, 192), dtype=tf.float32, name='conv2d_transpose_input'), name='conv2d_transpose_input', description="created by layer 'conv2d_transpose_input'"), but it was called on an input with incompatible shape (8, 16, 16, 192).
2024-12-31 17:18:32,294 - WARNING - Model was constructed with shape (1, 16, 16, 192) for input KerasTensor(type_spec=TensorSpec(shape=(1, 16, 16, 192), dtype=tf.float32, name='conv2d_transpose_input'), name='conv2d_transpose_input', description="created by layer 'conv2d_transpose_input'"), but it was called on an input with incompatible shape (8, 16, 16, 192).
2024-12-31 17:18:38,020 - WARNING - Model was constructed with shape (1, 16, 16, 192) for input KerasTensor(type_spec=TensorSpec(shape=(1, 16, 16, 192), dtype=tf.float32, name='conv2d_transpose_input'), name='conv2d_transpose_input', description="created by layer 'conv2d_transpose_input'"), but it was called on an input with incompatible shape (8, 16, 16, 192).
2024-12-31 17:18:38,926 - WARNING - Model was constructed with shape (1, 16, 16, 192) for input KerasTensor(type_spec=TensorSpec(shape=(1, 16, 16, 192), dtype=tf.float32, name='conv2d_transpose_input'), name='conv2d_transpose_input', description="created by layer 'conv2d_transpose_input'"), but it was called on an input with incompatible shape (8, 16, 16, 192).
2024-12-31 17:18:39,529 - WARNING - Model was constructed with shape (1, 16, 16, 192) for input KerasTensor(type_spec=TensorSpec(shape=(1, 16, 16, 192), dtype=tf.float32, name='conv2d_transpose_input'), name='conv2d_transpose_input', description="created by layer 'conv2d_transpose_input'"), but it was called on an input with incompatible shape (8, 16, 16, 192).
