2024-12-31 13:54:04,472 - INFO - Found 1 GPU(s)
2024-12-31 13:54:04,473 - INFO - Enabled memory growth for GPU: PhysicalDevice(name='/physical_device:GPU:0', device_type='GPU')
2024-12-31 13:54:05,816 - INFO - Physical GPUs: 1, Logical GPUs: 1
2024-12-31 13:54:05,818 - INFO - Initializing DataLoader with parameters: image_size=128, batch_size=8, validation_split=0.2
2024-12-31 13:54:05,818 - INFO - Starting to load dataset from ./Dataset
2024-12-31 13:54:05,818 - INFO - Found 4 categories: ['agri', 'barrenland', 'grassland', 'urban']
2024-12-31 13:54:05,833 - INFO - Found 4000 image pairs in category 'agri'
2024-12-31 13:54:05,865 - INFO - Found 4000 image pairs in category 'barrenland'
2024-12-31 13:54:05,894 - INFO - Found 4000 image pairs in category 'grassland'
2024-12-31 13:54:05,924 - INFO - Found 4000 image pairs in category 'urban'
2024-12-31 13:54:06,341 - INFO - Dataset pipeline setup completed in 0.52 seconds
2024-12-31 13:54:14,771 - INFO - Mixed precision compatibility check (mixed_float16): OK
Your GPU will likely run quickly with dtype policy mixed_float16 as it has compute capability of at least 7.0. Your GPU: NVIDIA GeForce RTX 3060 Laptop GPU, compute capability 8.6
2024-12-31 13:54:14,773 - INFO - Total trainable parameters: 7,857,776
2024-12-31 14:00:25,387 - INFO - Validation - Cycle Loss: 2.1687, PSNR Color: 17.11, PSNR SAR: 17.50, SSIM Color: 0.3392, SSIM SAR: 0.3089
2024-12-31 14:00:25,605 - INFO - Model saved successfully to ./output\checkpoint_best
2024-12-31 14:00:25,747 - INFO - Model saved successfully to ./output\checkpoint_best
2024-12-31 14:00:25,750 - INFO - Saved best checkpoint at epoch 1
2024-12-31 14:00:25,750 - INFO - Epoch 1 - gen_loss: 4.9214 - disc_loss: 11.5503 - cycle_loss: 2.1819 - cls_loss: 3.5108
2024-12-31 14:06:21,019 - INFO - Validation - Cycle Loss: 1.7055, PSNR Color: 19.76, PSNR SAR: 19.05, SSIM Color: 0.4994, SSIM SAR: 0.4035
2024-12-31 14:06:21,163 - INFO - Model saved successfully to ./output\checkpoint_best
2024-12-31 14:06:21,319 - INFO - Model saved successfully to ./output\checkpoint_best
2024-12-31 14:06:21,322 - INFO - Saved best checkpoint at epoch 2
2024-12-31 14:06:21,323 - INFO - Epoch 2 - gen_loss: 4.5636 - disc_loss: 3.5197 - cycle_loss: 1.7706 - cls_loss: 2.7325
2024-12-31 14:12:18,460 - INFO - Validation - Cycle Loss: 1.6134, PSNR Color: 20.17, PSNR SAR: 19.66, SSIM Color: 0.5503, SSIM SAR: 0.4552
2024-12-31 14:12:18,611 - INFO - Model saved successfully to ./output\checkpoint_best
2024-12-31 14:12:18,783 - INFO - Model saved successfully to ./output\checkpoint_best
2024-12-31 14:12:18,785 - INFO - Saved best checkpoint at epoch 3
2024-12-31 14:12:18,786 - INFO - Epoch 3 - gen_loss: 4.6408 - disc_loss: 2.6572 - cycle_loss: 1.4629 - cls_loss: 2.8822
2024-12-31 14:18:19,538 - INFO - Validation - Cycle Loss: 1.4744, PSNR Color: 20.76, PSNR SAR: 20.68, SSIM Color: 0.5827, SSIM SAR: 0.5024
2024-12-31 14:18:19,697 - INFO - Model saved successfully to ./output\checkpoint_best
2024-12-31 14:18:19,844 - INFO - Model saved successfully to ./output\checkpoint_best
2024-12-31 14:18:19,847 - INFO - Saved best checkpoint at epoch 4
2024-12-31 14:18:19,847 - INFO - Epoch 4 - gen_loss: 4.4787 - disc_loss: 2.1971 - cycle_loss: 1.3946 - cls_loss: 2.8893
2024-12-31 14:24:11,002 - INFO - Validation - Cycle Loss: 1.4323, PSNR Color: 21.28, PSNR SAR: 20.85, SSIM Color: 0.5993, SSIM SAR: 0.5407
2024-12-31 14:24:11,159 - INFO - Model saved successfully to ./output\checkpoint_best
2024-12-31 14:24:11,308 - INFO - Model saved successfully to ./output\checkpoint_best
2024-12-31 14:24:11,311 - INFO - Saved best checkpoint at epoch 5
2024-12-31 14:24:11,311 - INFO - Epoch 5 - gen_loss: 4.1184 - disc_loss: 2.3849 - cycle_loss: 1.4103 - cls_loss: 2.7555
2024-12-31 14:24:13,256 - INFO - Saved visualization to ./output\epoch_4.png
2024-12-31 14:30:06,156 - INFO - Validation - Cycle Loss: 1.3310, PSNR Color: 21.86, PSNR SAR: 21.44, SSIM Color: 0.6442, SSIM SAR: 0.5942
2024-12-31 14:30:06,317 - INFO - Model saved successfully to ./output\checkpoint_best
2024-12-31 14:30:06,463 - INFO - Model saved successfully to ./output\checkpoint_best
2024-12-31 14:30:06,466 - INFO - Saved best checkpoint at epoch 6
2024-12-31 14:30:06,466 - INFO - Epoch 6 - gen_loss: 4.0994 - disc_loss: 2.5482 - cycle_loss: 1.4631 - cls_loss: 2.6752
2024-12-31 14:35:58,293 - INFO - Validation - Cycle Loss: 1.2698, PSNR Color: 22.25, PSNR SAR: 21.73, SSIM Color: 0.6638, SSIM SAR: 0.6071
2024-12-31 14:35:58,432 - INFO - Model saved successfully to ./output\checkpoint_best
2024-12-31 14:35:58,585 - INFO - Model saved successfully to ./output\checkpoint_best
2024-12-31 14:35:58,587 - INFO - Saved best checkpoint at epoch 7
2024-12-31 14:35:58,587 - INFO - Epoch 7 - gen_loss: 3.7686 - disc_loss: 2.2936 - cycle_loss: 1.2296 - cls_loss: 2.7621
2024-12-31 14:41:50,671 - INFO - Validation - Cycle Loss: 1.2238, PSNR Color: 22.84, PSNR SAR: 21.73, SSIM Color: 0.6654, SSIM SAR: 0.6307
2024-12-31 14:41:50,807 - INFO - Model saved successfully to ./output\checkpoint_best
2024-12-31 14:41:50,973 - INFO - Model saved successfully to ./output\checkpoint_best
2024-12-31 14:41:50,976 - INFO - Saved best checkpoint at epoch 8
2024-12-31 14:41:50,976 - INFO - Epoch 8 - gen_loss: 4.0420 - disc_loss: 2.2469 - cycle_loss: 1.2738 - cls_loss: 2.7268
2024-12-31 14:47:48,073 - INFO - Validation - Cycle Loss: 1.2177, PSNR Color: 23.04, PSNR SAR: 21.73, SSIM Color: 0.6822, SSIM SAR: 0.6336
2024-12-31 14:47:48,213 - INFO - Model saved successfully to ./output\checkpoint_best
2024-12-31 14:47:48,361 - INFO - Model saved successfully to ./output\checkpoint_best
2024-12-31 14:47:48,364 - INFO - Saved best checkpoint at epoch 9
2024-12-31 14:47:48,364 - INFO - Epoch 9 - gen_loss: 3.6896 - disc_loss: 2.3080 - cycle_loss: 1.1793 - cls_loss: 2.7324
2024-12-31 14:53:47,892 - INFO - Validation - Cycle Loss: 1.2112, PSNR Color: 22.93, PSNR SAR: 22.11, SSIM Color: 0.6895, SSIM SAR: 0.6487
2024-12-31 14:53:48,021 - INFO - Model saved successfully to ./output\checkpoint_best
2024-12-31 14:53:48,169 - INFO - Model saved successfully to ./output\checkpoint_best
2024-12-31 14:53:48,171 - INFO - Saved best checkpoint at epoch 10
2024-12-31 14:53:48,172 - INFO - Epoch 10 - gen_loss: 4.1925 - disc_loss: 2.8018 - cycle_loss: 1.1622 - cls_loss: 2.6516
2024-12-31 14:53:48,921 - INFO - Saved visualization to ./output\epoch_9.png
2024-12-31 14:53:49,083 - INFO - Model saved successfully to ./output\checkpoint_epoch_10
2024-12-31 14:53:49,222 - INFO - Model saved successfully to ./output\checkpoint_epoch_10
2024-12-31 14:53:49,224 - INFO - Saved  checkpoint at epoch 10
2024-12-31 14:53:49,225 - INFO - Epoch 10/10 completed in 360.86s
2024-12-31 14:53:49,225 - INFO - 
==================================================
2024-12-31 14:53:49,225 - INFO - TRAINING COMPLETED - FINAL METRICS REPORT
2024-12-31 14:53:49,225 - INFO - ==================================================
2024-12-31 14:53:49,226 - INFO - 
Best Model Metrics (Epoch 0):
2024-12-31 14:53:49,227 - INFO - ------------------------------
2024-12-31 14:53:49,227 - INFO - gen_loss: inf
2024-12-31 14:53:49,227 - INFO - disc_loss: inf
2024-12-31 14:53:49,227 - INFO - cycle_loss: inf
2024-12-31 14:53:49,228 - INFO - cls_loss: inf
2024-12-31 14:53:49,228 - INFO - psnr_color: 0.0000
2024-12-31 14:53:49,228 - INFO - psnr_sar: 0.0000
2024-12-31 14:53:49,228 - INFO - ssim_color: 0.0000
2024-12-31 14:53:49,229 - INFO - ssim_sar: 0.0000
2024-12-31 14:53:49,229 - INFO - 
Final Average Metrics (Last 5 epochs):
2024-12-31 14:53:49,229 - INFO - ------------------------------
2024-12-31 14:53:49,229 - INFO - gen_loss: 3.9907
2024-12-31 14:53:49,230 - INFO - disc_loss: 2.0239
2024-12-31 14:53:49,230 - INFO - cycle_loss: 1.2507
2024-12-31 14:53:49,230 - INFO - cls_loss: 2.6467
2024-12-31 14:53:49,230 - INFO - psnr_color: 22.5832
2024-12-31 14:53:49,231 - INFO - psnr_sar: 21.7475
2024-12-31 14:53:49,231 - INFO - ssim_color: 0.6690
2024-12-31 14:53:49,231 - INFO - ssim_sar: 0.6229
2024-12-31 14:53:49,231 - INFO - ==================================================
2024-12-31 14:53:49,232 - INFO - 
Final metrics saved to: ./output\final_metrics.json
