2024-12-31 10:16:34,314 - INFO - Found 1 GPU(s)
2024-12-31 10:16:34,315 - INFO - Enabled memory growth for GPU: PhysicalDevice(name='/physical_device:GPU:0', device_type='GPU')
2024-12-31 10:16:34,315 - INFO - Initializing DataLoader with parameters: image_size=128, batch_size=16, validation_split=0.2
2024-12-31 10:16:34,315 - INFO - Starting to load dataset from ./Dataset
2024-12-31 10:16:34,315 - INFO - Found 4 categories: ['agri', 'barrenland', 'grassland', 'urban']
2024-12-31 10:16:34,329 - INFO - Found 4000 image pairs in category 'agri'
2024-12-31 10:16:34,359 - INFO - Found 4000 image pairs in category 'barrenland'
2024-12-31 10:16:34,390 - INFO - Found 4000 image pairs in category 'grassland'
2024-12-31 10:16:34,419 - INFO - Found 4000 image pairs in category 'urban'
2024-12-31 10:16:35,967 - INFO - Dataset pipeline setup completed in 1.65 seconds
2024-12-31 10:16:43,236 - INFO - Total trainable parameters: 18,124,688
2024-12-31 10:21:42,898 - INFO - Validation - Cycle Loss: 5.3488, PSNR Color: 15.06, PSNR SAR: 16.43, SSIM Color: 0.1239, SSIM SAR: 0.0957
2024-12-31 10:21:43,145 - INFO - Model saved successfully to ./output\checkpoint_best
2024-12-31 10:21:43,426 - INFO - Model saved successfully to ./output\checkpoint_best
2024-12-31 10:21:43,428 - INFO - Saved best checkpoint at epoch 1
2024-12-31 10:21:43,428 - INFO - Epoch 1 - gen_loss: 11.9978 - disc_loss: 2.6049 - cycle_loss: 5.1829 - cls_loss: 2.7946
2024-12-31 10:26:25,783 - INFO - Validation - Cycle Loss: 4.6044, PSNR Color: 16.73, PSNR SAR: 17.34, SSIM Color: 0.1936, SSIM SAR: 0.1198
2024-12-31 10:26:26,010 - INFO - Model saved successfully to ./output\checkpoint_best
2024-12-31 10:26:26,331 - INFO - Model saved successfully to ./output\checkpoint_best
2024-12-31 10:26:26,333 - INFO - Saved best checkpoint at epoch 2
2024-12-31 10:26:26,334 - INFO - Epoch 2 - gen_loss: 11.8821 - disc_loss: 2.5122 - cycle_loss: 4.9593 - cls_loss: 2.9454
2024-12-31 10:31:13,504 - INFO - Validation - Cycle Loss: 4.1623, PSNR Color: 17.77, PSNR SAR: 17.75, SSIM Color: 0.2317, SSIM SAR: 0.1355
2024-12-31 10:31:13,765 - INFO - Model saved successfully to ./output\checkpoint_best
2024-12-31 10:31:14,071 - INFO - Model saved successfully to ./output\checkpoint_best
2024-12-31 10:31:14,075 - INFO - Saved best checkpoint at epoch 3
2024-12-31 10:31:14,075 - INFO - Epoch 3 - gen_loss: 10.5739 - disc_loss: 2.6287 - cycle_loss: 4.1908 - cls_loss: 2.8660
2024-12-31 10:36:06,740 - INFO - Validation - Cycle Loss: 3.9483, PSNR Color: 18.29, PSNR SAR: 17.90, SSIM Color: 0.2536, SSIM SAR: 0.1550
2024-12-31 10:36:06,998 - INFO - Model saved successfully to ./output\checkpoint_best
2024-12-31 10:36:07,260 - INFO - Model saved successfully to ./output\checkpoint_best
2024-12-31 10:36:07,263 - INFO - Saved best checkpoint at epoch 4
2024-12-31 10:36:07,263 - INFO - Epoch 4 - gen_loss: 9.8037 - disc_loss: 2.5250 - cycle_loss: 3.8760 - cls_loss: 2.5997
2024-12-31 10:40:59,908 - INFO - Validation - Cycle Loss: 3.8610, PSNR Color: 18.40, PSNR SAR: 18.14, SSIM Color: 0.2699, SSIM SAR: 0.1659
2024-12-31 10:41:00,118 - INFO - Model saved successfully to ./output\checkpoint_best
2024-12-31 10:41:00,382 - INFO - Model saved successfully to ./output\checkpoint_best
2024-12-31 10:41:00,385 - INFO - Saved best checkpoint at epoch 5
2024-12-31 10:41:00,385 - INFO - Epoch 5 - gen_loss: 9.9738 - disc_loss: 2.3388 - cycle_loss: 4.0721 - cls_loss: 2.4296
2024-12-31 10:41:02,276 - INFO - Saved visualization to ./output\epoch_4.png
2024-12-31 10:45:49,469 - INFO - Validation - Cycle Loss: 3.8315, PSNR Color: 18.66, PSNR SAR: 18.10, SSIM Color: 0.2825, SSIM SAR: 0.1728
2024-12-31 10:45:49,704 - INFO - Model saved successfully to ./output\checkpoint_best
2024-12-31 10:45:49,995 - INFO - Model saved successfully to ./output\checkpoint_best
2024-12-31 10:45:49,998 - INFO - Saved best checkpoint at epoch 6
2024-12-31 10:45:49,999 - INFO - Epoch 6 - gen_loss: 9.2483 - disc_loss: 2.5130 - cycle_loss: 3.5847 - cls_loss: 2.4482
2024-12-31 10:50:34,695 - INFO - Validation - Cycle Loss: 3.7872, PSNR Color: 18.82, PSNR SAR: 18.18, SSIM Color: 0.2982, SSIM SAR: 0.1805
2024-12-31 10:50:34,933 - INFO - Model saved successfully to ./output\checkpoint_best
2024-12-31 10:50:35,190 - INFO - Model saved successfully to ./output\checkpoint_best
2024-12-31 10:50:35,193 - INFO - Saved best checkpoint at epoch 7
2024-12-31 10:50:35,193 - INFO - Epoch 7 - gen_loss: 9.5353 - disc_loss: 2.3890 - cycle_loss: 3.7014 - cls_loss: 2.4354
2024-12-31 10:55:21,392 - INFO - Validation - Cycle Loss: 3.7346, PSNR Color: 18.91, PSNR SAR: 18.33, SSIM Color: 0.3101, SSIM SAR: 0.1919
2024-12-31 10:55:21,624 - INFO - Model saved successfully to ./output\checkpoint_best
2024-12-31 10:55:21,892 - INFO - Model saved successfully to ./output\checkpoint_best
2024-12-31 10:55:21,894 - INFO - Saved best checkpoint at epoch 8
2024-12-31 10:55:21,895 - INFO - Epoch 8 - gen_loss: 10.2707 - disc_loss: 2.3961 - cycle_loss: 4.2072 - cls_loss: 2.4146
2024-12-31 11:00:08,796 - INFO - Validation - Cycle Loss: 3.7172, PSNR Color: 18.85, PSNR SAR: 18.39, SSIM Color: 0.3145, SSIM SAR: 0.1975
2024-12-31 11:00:09,039 - INFO - Model saved successfully to ./output\checkpoint_best
2024-12-31 11:00:09,308 - INFO - Model saved successfully to ./output\checkpoint_best
2024-12-31 11:00:09,311 - INFO - Saved best checkpoint at epoch 9
2024-12-31 11:00:09,311 - INFO - Epoch 9 - gen_loss: 9.0847 - disc_loss: 2.1857 - cycle_loss: 3.5251 - cls_loss: 2.2067
2024-12-31 11:04:57,093 - INFO - Validation - Cycle Loss: 3.7497, PSNR Color: 18.79, PSNR SAR: 18.40, SSIM Color: 0.3231, SSIM SAR: 0.2023
2024-12-31 11:04:57,096 - INFO - Epoch 10 - gen_loss: 9.7568 - disc_loss: 2.4510 - cycle_loss: 3.9172 - cls_loss: 2.2758
2024-12-31 11:04:57,877 - INFO - Saved visualization to ./output\epoch_9.png
2024-12-31 11:04:58,128 - INFO - Model saved successfully to ./output\checkpoint_epoch_10
2024-12-31 11:04:58,406 - INFO - Model saved successfully to ./output\checkpoint_epoch_10
2024-12-31 11:04:58,409 - INFO - Saved  checkpoint at epoch 10
2024-12-31 11:09:46,964 - INFO - Validation - Cycle Loss: 3.8114, PSNR Color: 18.58, PSNR SAR: 18.39, SSIM Color: 0.3272, SSIM SAR: 0.2050
2024-12-31 11:09:46,967 - INFO - Epoch 11 - gen_loss: 8.7477 - disc_loss: 2.5633 - cycle_loss: 3.1797 - cls_loss: 2.3755
2024-12-31 11:14:35,759 - INFO - Validation - Cycle Loss: 3.8074, PSNR Color: 18.61, PSNR SAR: 18.34, SSIM Color: 0.3323, SSIM SAR: 0.2073
2024-12-31 11:14:35,762 - INFO - Epoch 12 - gen_loss: 8.9344 - disc_loss: 2.4461 - cycle_loss: 3.3269 - cls_loss: 2.3361
2024-12-31 11:19:23,252 - INFO - Validation - Cycle Loss: 3.7171, PSNR Color: 18.95, PSNR SAR: 18.35, SSIM Color: 0.3428, SSIM SAR: 0.2097
2024-12-31 11:19:23,479 - INFO - Model saved successfully to ./output\checkpoint_best
2024-12-31 11:19:23,745 - INFO - Model saved successfully to ./output\checkpoint_best
2024-12-31 11:19:23,747 - INFO - Saved best checkpoint at epoch 13
2024-12-31 11:19:23,749 - INFO - Epoch 13 - gen_loss: 9.1742 - disc_loss: 2.3478 - cycle_loss: 3.6178 - cls_loss: 2.1353
2024-12-31 11:24:12,277 - INFO - Validation - Cycle Loss: 3.6519, PSNR Color: 19.05, PSNR SAR: 18.46, SSIM Color: 0.3466, SSIM SAR: 0.2147
2024-12-31 11:24:12,512 - INFO - Model saved successfully to ./output\checkpoint_best
2024-12-31 11:24:12,796 - INFO - Model saved successfully to ./output\checkpoint_best
2024-12-31 11:24:12,799 - INFO - Saved best checkpoint at epoch 14
2024-12-31 11:24:12,799 - INFO - Epoch 14 - gen_loss: 9.4945 - disc_loss: 2.4052 - cycle_loss: 3.9301 - cls_loss: 1.9790
2024-12-31 11:29:02,045 - INFO - Validation - Cycle Loss: 3.6380, PSNR Color: 19.11, PSNR SAR: 18.53, SSIM Color: 0.3471, SSIM SAR: 0.2179
2024-12-31 11:29:02,263 - INFO - Model saved successfully to ./output\checkpoint_best
2024-12-31 11:29:02,534 - INFO - Model saved successfully to ./output\checkpoint_best
2024-12-31 11:29:02,536 - INFO - Saved best checkpoint at epoch 15
2024-12-31 11:29:02,536 - INFO - Epoch 15 - gen_loss: 9.0275 - disc_loss: 2.4882 - cycle_loss: 3.5212 - cls_loss: 2.1426
2024-12-31 11:29:03,361 - INFO - Saved visualization to ./output\epoch_14.png
2024-12-31 11:33:53,342 - INFO - Validation - Cycle Loss: 3.6796, PSNR Color: 18.90, PSNR SAR: 18.58, SSIM Color: 0.3468, SSIM SAR: 0.2196
2024-12-31 11:33:53,346 - INFO - Epoch 16 - gen_loss: 10.3755 - disc_loss: 2.3723 - cycle_loss: 4.4342 - cls_loss: 2.0460
2024-12-31 11:38:43,609 - INFO - Validation - Cycle Loss: 3.6773, PSNR Color: 18.91, PSNR SAR: 18.63, SSIM Color: 0.3494, SSIM SAR: 0.2199
2024-12-31 11:38:43,612 - INFO - Epoch 17 - gen_loss: 9.0229 - disc_loss: 2.4633 - cycle_loss: 3.5864 - cls_loss: 2.0109
2024-12-31 11:43:34,233 - INFO - Validation - Cycle Loss: 3.6582, PSNR Color: 18.93, PSNR SAR: 18.69, SSIM Color: 0.3524, SSIM SAR: 0.2212
2024-12-31 11:43:34,236 - INFO - Epoch 18 - gen_loss: 8.5862 - disc_loss: 2.4518 - cycle_loss: 3.2335 - cls_loss: 2.1008
2024-12-31 11:48:25,331 - INFO - Validation - Cycle Loss: 3.6616, PSNR Color: 18.92, PSNR SAR: 18.69, SSIM Color: 0.3521, SSIM SAR: 0.2226
2024-12-31 11:48:25,334 - INFO - Epoch 19 - gen_loss: 8.6268 - disc_loss: 2.4982 - cycle_loss: 3.3479 - cls_loss: 2.0257
2024-12-31 11:53:16,346 - INFO - Validation - Cycle Loss: 3.6219, PSNR Color: 19.06, PSNR SAR: 18.75, SSIM Color: 0.3566, SSIM SAR: 0.2246
2024-12-31 11:53:16,579 - INFO - Model saved successfully to ./output\checkpoint_best
2024-12-31 11:53:16,844 - INFO - Model saved successfully to ./output\checkpoint_best
2024-12-31 11:53:16,846 - INFO - Saved best checkpoint at epoch 20
2024-12-31 11:53:16,846 - INFO - Epoch 20 - gen_loss: 8.9877 - disc_loss: 2.4817 - cycle_loss: 3.5659 - cls_loss: 2.0779
2024-12-31 11:53:17,644 - INFO - Saved visualization to ./output\epoch_19.png
2024-12-31 11:53:17,871 - INFO - Model saved successfully to ./output\checkpoint_epoch_20
2024-12-31 11:53:18,134 - INFO - Model saved successfully to ./output\checkpoint_epoch_20
2024-12-31 11:53:18,136 - INFO - Saved  checkpoint at epoch 20
2024-12-31 11:58:09,620 - INFO - Validation - Cycle Loss: 3.5962, PSNR Color: 19.16, PSNR SAR: 18.73, SSIM Color: 0.3591, SSIM SAR: 0.2264
2024-12-31 11:58:09,906 - INFO - Model saved successfully to ./output\checkpoint_best
2024-12-31 11:58:10,233 - INFO - Model saved successfully to ./output\checkpoint_best
2024-12-31 11:58:10,236 - INFO - Saved best checkpoint at epoch 21
2024-12-31 11:58:10,236 - INFO - Epoch 21 - gen_loss: 8.9281 - disc_loss: 2.6113 - cycle_loss: 3.4315 - cls_loss: 2.2170
2024-12-31 12:03:03,289 - INFO - Validation - Cycle Loss: 3.5718, PSNR Color: 19.22, PSNR SAR: 18.76, SSIM Color: 0.3611, SSIM SAR: 0.2285
2024-12-31 12:03:03,528 - INFO - Model saved successfully to ./output\checkpoint_best
2024-12-31 12:03:03,824 - INFO - Model saved successfully to ./output\checkpoint_best
2024-12-31 12:03:03,827 - INFO - Saved best checkpoint at epoch 22
2024-12-31 12:03:03,827 - INFO - Epoch 22 - gen_loss: 8.6579 - disc_loss: 2.6445 - cycle_loss: 3.2433 - cls_loss: 2.2129
2024-12-31 12:07:56,498 - INFO - Validation - Cycle Loss: 3.5435, PSNR Color: 19.31, PSNR SAR: 18.77, SSIM Color: 0.3643, SSIM SAR: 0.2315
2024-12-31 12:07:56,739 - INFO - Model saved successfully to ./output\checkpoint_best
2024-12-31 12:07:57,027 - INFO - Model saved successfully to ./output\checkpoint_best
2024-12-31 12:07:57,030 - INFO - Saved best checkpoint at epoch 23
2024-12-31 12:07:57,030 - INFO - Epoch 23 - gen_loss: 9.2494 - disc_loss: 2.5059 - cycle_loss: 3.7115 - cls_loss: 2.0568
2024-12-31 12:12:49,410 - INFO - Validation - Cycle Loss: 3.5052, PSNR Color: 19.43, PSNR SAR: 18.82, SSIM Color: 0.3672, SSIM SAR: 0.2315
2024-12-31 12:12:49,630 - INFO - Model saved successfully to ./output\checkpoint_best
2024-12-31 12:12:49,891 - INFO - Model saved successfully to ./output\checkpoint_best
2024-12-31 12:12:49,895 - INFO - Saved best checkpoint at epoch 24
2024-12-31 12:12:49,895 - INFO - Epoch 24 - gen_loss: 8.4472 - disc_loss: 2.4511 - cycle_loss: 3.3158 - cls_loss: 1.8686
2024-12-31 12:17:40,297 - INFO - Validation - Cycle Loss: 3.4907, PSNR Color: 19.50, PSNR SAR: 18.84, SSIM Color: 0.3695, SSIM SAR: 0.2333
2024-12-31 12:17:40,545 - INFO - Model saved successfully to ./output\checkpoint_best
2024-12-31 12:17:40,820 - INFO - Model saved successfully to ./output\checkpoint_best
2024-12-31 12:17:40,822 - INFO - Saved best checkpoint at epoch 25
2024-12-31 12:17:40,823 - INFO - Epoch 25 - gen_loss: 8.4174 - disc_loss: 2.3794 - cycle_loss: 3.1667 - cls_loss: 2.0840
2024-12-31 12:17:41,635 - INFO - Saved visualization to ./output\epoch_24.png
2024-12-31 12:22:33,871 - INFO - Validation - Cycle Loss: 3.4749, PSNR Color: 19.54, PSNR SAR: 18.85, SSIM Color: 0.3712, SSIM SAR: 0.2334
2024-12-31 12:22:34,103 - INFO - Model saved successfully to ./output\checkpoint_best
2024-12-31 12:22:34,370 - INFO - Model saved successfully to ./output\checkpoint_best
2024-12-31 12:22:34,372 - INFO - Saved best checkpoint at epoch 26
2024-12-31 12:22:34,372 - INFO - Epoch 26 - gen_loss: 9.1509 - disc_loss: 2.4703 - cycle_loss: 3.6527 - cls_loss: 2.0431
2024-12-31 12:27:29,870 - INFO - Validation - Cycle Loss: 3.4954, PSNR Color: 19.50, PSNR SAR: 18.83, SSIM Color: 0.3715, SSIM SAR: 0.2369
2024-12-31 12:27:29,872 - INFO - Epoch 27 - gen_loss: 8.8666 - disc_loss: 2.4420 - cycle_loss: 3.5165 - cls_loss: 1.9430
2024-12-31 12:32:26,826 - INFO - Validation - Cycle Loss: 3.5006, PSNR Color: 19.38, PSNR SAR: 18.88, SSIM Color: 0.3679, SSIM SAR: 0.2375
2024-12-31 12:32:26,828 - INFO - Epoch 28 - gen_loss: 8.8915 - disc_loss: 2.4522 - cycle_loss: 3.5053 - cls_loss: 1.9759
2024-12-31 12:37:25,509 - INFO - Validation - Cycle Loss: 3.4758, PSNR Color: 19.43, PSNR SAR: 18.95, SSIM Color: 0.3697, SSIM SAR: 0.2395
2024-12-31 12:37:25,511 - INFO - Epoch 29 - gen_loss: 8.5624 - disc_loss: 2.4282 - cycle_loss: 3.2524 - cls_loss: 2.0810
2024-12-31 12:42:22,904 - INFO - Validation - Cycle Loss: 3.4792, PSNR Color: 19.51, PSNR SAR: 18.88, SSIM Color: 0.3726, SSIM SAR: 0.2401
2024-12-31 12:42:22,907 - INFO - Epoch 30 - gen_loss: 8.6123 - disc_loss: 2.5160 - cycle_loss: 3.3353 - cls_loss: 2.0095
2024-12-31 12:42:23,726 - INFO - Saved visualization to ./output\epoch_29.png
2024-12-31 12:42:23,932 - INFO - Model saved successfully to ./output\checkpoint_epoch_30
2024-12-31 12:42:24,215 - INFO - Model saved successfully to ./output\checkpoint_epoch_30
2024-12-31 12:42:24,219 - INFO - Saved  checkpoint at epoch 30
2024-12-31 12:47:33,664 - INFO - Validation - Cycle Loss: 3.4615, PSNR Color: 19.57, PSNR SAR: 18.89, SSIM Color: 0.3749, SSIM SAR: 0.2402
2024-12-31 12:47:33,896 - INFO - Model saved successfully to ./output\checkpoint_best
2024-12-31 12:47:34,200 - INFO - Model saved successfully to ./output\checkpoint_best
2024-12-31 12:47:34,203 - INFO - Saved best checkpoint at epoch 31
2024-12-31 12:47:34,203 - INFO - Epoch 31 - gen_loss: 8.6959 - disc_loss: 2.5283 - cycle_loss: 3.4894 - cls_loss: 1.8509
2024-12-31 12:52:45,804 - INFO - Validation - Cycle Loss: 3.4441, PSNR Color: 19.63, PSNR SAR: 18.93, SSIM Color: 0.3769, SSIM SAR: 0.2412
2024-12-31 12:52:46,082 - INFO - Model saved successfully to ./output\checkpoint_best
2024-12-31 12:52:46,452 - INFO - Model saved successfully to ./output\checkpoint_best
2024-12-31 12:52:46,458 - INFO - Saved best checkpoint at epoch 32
2024-12-31 12:52:46,458 - INFO - Epoch 32 - gen_loss: 8.8686 - disc_loss: 2.2869 - cycle_loss: 3.5158 - cls_loss: 1.9934
2024-12-31 12:57:55,507 - INFO - Validation - Cycle Loss: 3.4553, PSNR Color: 19.56, PSNR SAR: 18.93, SSIM Color: 0.3749, SSIM SAR: 0.2396
2024-12-31 12:57:55,511 - INFO - Epoch 33 - gen_loss: 8.7901 - disc_loss: 2.3649 - cycle_loss: 3.4165 - cls_loss: 2.0504
2024-12-31 13:03:03,390 - INFO - Validation - Cycle Loss: 3.4507, PSNR Color: 19.63, PSNR SAR: 18.90, SSIM Color: 0.3767, SSIM SAR: 0.2414
2024-12-31 13:03:03,392 - INFO - Epoch 34 - gen_loss: 8.4272 - disc_loss: 2.4338 - cycle_loss: 3.3459 - cls_loss: 1.8089
2024-12-31 13:08:13,313 - INFO - Validation - Cycle Loss: 3.4437, PSNR Color: 19.60, PSNR SAR: 18.95, SSIM Color: 0.3760, SSIM SAR: 0.2431
2024-12-31 13:08:13,558 - INFO - Model saved successfully to ./output\checkpoint_best
2024-12-31 13:08:13,868 - INFO - Model saved successfully to ./output\checkpoint_best
2024-12-31 13:08:13,872 - INFO - Saved best checkpoint at epoch 35
2024-12-31 13:08:13,872 - INFO - Epoch 35 - gen_loss: 8.3337 - disc_loss: 2.4713 - cycle_loss: 3.2291 - cls_loss: 1.8493
2024-12-31 13:08:14,820 - INFO - Saved visualization to ./output\epoch_34.png
2024-12-31 13:13:25,917 - INFO - Validation - Cycle Loss: 3.4333, PSNR Color: 19.69, PSNR SAR: 18.96, SSIM Color: 0.3793, SSIM SAR: 0.2463
2024-12-31 13:13:26,218 - INFO - Model saved successfully to ./output\checkpoint_best
2024-12-31 13:13:26,627 - INFO - Model saved successfully to ./output\checkpoint_best
2024-12-31 13:13:26,632 - INFO - Saved best checkpoint at epoch 36
2024-12-31 13:13:26,633 - INFO - Epoch 36 - gen_loss: 8.5902 - disc_loss: 2.6090 - cycle_loss: 3.3381 - cls_loss: 1.9887
