2024-12-30 20:06:56,481 - INFO - Found 1 GPU(s)
2024-12-30 20:06:56,481 - INFO - Enabled memory growth for GPU: PhysicalDevice(name='/physical_device:GPU:0', device_type='GPU')
2024-12-30 20:06:56,481 - INFO - Initializing DataLoader with parameters: image_size=128, batch_size=16, validation_split=0.2
2024-12-30 20:06:56,482 - INFO - Starting to load dataset from ./Dataset
2024-12-30 20:06:56,482 - INFO - Found 4 categories: ['agri', 'barrenland', 'grassland', 'urban']
2024-12-30 20:06:56,497 - INFO - Found 4000 image pairs in category 'agri'
2024-12-30 20:06:56,526 - INFO - Found 4000 image pairs in category 'barrenland'
2024-12-30 20:06:56,554 - INFO - Found 4000 image pairs in category 'grassland'
2024-12-30 20:06:56,588 - INFO - Found 4000 image pairs in category 'urban'
2024-12-30 20:06:57,624 - INFO - Dataset pipeline setup completed in 1.14 seconds
2024-12-30 20:07:02,431 - INFO - Total trainable parameters: 18,124,688
2024-12-30 20:12:03,842 - INFO - Validation - Cycle Loss: 5.6975, PSNR Color: 14.55, PSNR SAR: 15.85, SSIM Color: 0.1136, SSIM SAR: 0.0916
2024-12-30 20:12:04,110 - INFO - Model saved successfully to ./output\checkpoint_best
2024-12-30 20:12:04,447 - INFO - Model saved successfully to ./output\checkpoint_best
2024-12-30 20:12:04,449 - INFO - Saved best checkpoint at epoch 1
2024-12-30 20:12:04,451 - INFO - Epoch 1 - gen_loss: 12.2713 - disc_loss: 2.5912 - cycle_loss: 5.3933 - cls_loss: 2.7795
2024-12-30 20:16:57,206 - INFO - Validation - Cycle Loss: 4.7241, PSNR Color: 16.67, PSNR SAR: 16.98, SSIM Color: 0.1895, SSIM SAR: 0.1133
2024-12-30 20:16:57,448 - INFO - Model saved successfully to ./output\checkpoint_best
2024-12-30 20:16:57,731 - INFO - Model saved successfully to ./output\checkpoint_best
2024-12-30 20:16:57,734 - INFO - Saved best checkpoint at epoch 2
2024-12-30 20:16:57,734 - INFO - Epoch 2 - gen_loss: 11.5200 - disc_loss: 2.7105 - cycle_loss: 4.8811 - cls_loss: 2.8309
2024-12-30 20:21:53,001 - INFO - Validation - Cycle Loss: 4.1575, PSNR Color: 17.95, PSNR SAR: 17.64, SSIM Color: 0.2463, SSIM SAR: 0.1358
2024-12-30 20:21:53,224 - INFO - Model saved successfully to ./output\checkpoint_best
2024-12-30 20:21:53,485 - INFO - Model saved successfully to ./output\checkpoint_best
2024-12-30 20:21:53,488 - INFO - Saved best checkpoint at epoch 3
2024-12-30 20:21:53,488 - INFO - Epoch 3 - gen_loss: 10.1749 - disc_loss: 2.5969 - cycle_loss: 4.0300 - cls_loss: 2.7186
2024-12-30 20:26:41,091 - INFO - Validation - Cycle Loss: 4.0645, PSNR Color: 18.26, PSNR SAR: 17.56, SSIM Color: 0.2705, SSIM SAR: 0.1532
2024-12-30 20:26:41,328 - INFO - Model saved successfully to ./output\checkpoint_best
2024-12-30 20:26:41,609 - INFO - Model saved successfully to ./output\checkpoint_best
2024-12-30 20:26:41,611 - INFO - Saved best checkpoint at epoch 4
2024-12-30 20:26:41,611 - INFO - Epoch 4 - gen_loss: 9.5103 - disc_loss: 2.5422 - cycle_loss: 3.6003 - cls_loss: 2.6548
2024-12-30 20:31:30,718 - INFO - Validation - Cycle Loss: 4.0577, PSNR Color: 18.15, PSNR SAR: 17.84, SSIM Color: 0.2813, SSIM SAR: 0.1605
2024-12-30 20:31:30,953 - INFO - Model saved successfully to ./output\checkpoint_best
2024-12-30 20:31:31,232 - INFO - Model saved successfully to ./output\checkpoint_best
2024-12-30 20:31:31,235 - INFO - Saved best checkpoint at epoch 5
2024-12-30 20:31:31,235 - INFO - Epoch 5 - gen_loss: 9.7650 - disc_loss: 2.4032 - cycle_loss: 3.8423 - cls_loss: 2.5779
2024-12-30 20:31:33,204 - INFO - Saved visualization to ./output\epoch_4.png
2024-12-30 20:36:23,974 - INFO - Validation - Cycle Loss: 3.9023, PSNR Color: 18.62, PSNR SAR: 17.96, SSIM Color: 0.2968, SSIM SAR: 0.1703
2024-12-30 20:36:24,223 - INFO - Model saved successfully to ./output\checkpoint_best
2024-12-30 20:36:24,493 - INFO - Model saved successfully to ./output\checkpoint_best
2024-12-30 20:36:24,496 - INFO - Saved best checkpoint at epoch 6
2024-12-30 20:36:24,496 - INFO - Epoch 6 - gen_loss: 9.5320 - disc_loss: 2.2403 - cycle_loss: 3.6877 - cls_loss: 2.5447
2024-12-30 20:41:15,616 - INFO - Validation - Cycle Loss: 3.7915, PSNR Color: 18.87, PSNR SAR: 18.10, SSIM Color: 0.3092, SSIM SAR: 0.1825
2024-12-30 20:41:15,866 - INFO - Model saved successfully to ./output\checkpoint_best
2024-12-30 20:41:16,137 - INFO - Model saved successfully to ./output\checkpoint_best
2024-12-30 20:41:16,139 - INFO - Saved best checkpoint at epoch 7
2024-12-30 20:41:16,140 - INFO - Epoch 7 - gen_loss: 10.3320 - disc_loss: 2.3530 - cycle_loss: 4.0519 - cls_loss: 2.6918
2024-12-30 20:46:06,713 - INFO - Validation - Cycle Loss: 3.7378, PSNR Color: 18.97, PSNR SAR: 18.23, SSIM Color: 0.3226, SSIM SAR: 0.1942
2024-12-30 20:46:06,995 - INFO - Model saved successfully to ./output\checkpoint_best
2024-12-30 20:46:07,264 - INFO - Model saved successfully to ./output\checkpoint_best
2024-12-30 20:46:07,267 - INFO - Saved best checkpoint at epoch 8
2024-12-30 20:46:07,267 - INFO - Epoch 8 - gen_loss: 9.5568 - disc_loss: 2.5324 - cycle_loss: 3.6479 - cls_loss: 2.4931
2024-12-30 20:50:57,946 - INFO - Validation - Cycle Loss: 3.6970, PSNR Color: 19.03, PSNR SAR: 18.35, SSIM Color: 0.3243, SSIM SAR: 0.2021
2024-12-30 20:50:58,179 - INFO - Model saved successfully to ./output\checkpoint_best
2024-12-30 20:50:58,445 - INFO - Model saved successfully to ./output\checkpoint_best
2024-12-30 20:50:58,448 - INFO - Saved best checkpoint at epoch 9
2024-12-30 20:50:58,448 - INFO - Epoch 9 - gen_loss: 9.5183 - disc_loss: 2.4243 - cycle_loss: 3.7181 - cls_loss: 2.3817
2024-12-30 20:55:49,029 - INFO - Validation - Cycle Loss: 3.6689, PSNR Color: 19.13, PSNR SAR: 18.36, SSIM Color: 0.3276, SSIM SAR: 0.2094
2024-12-30 20:55:49,283 - INFO - Model saved successfully to ./output\checkpoint_best
2024-12-30 20:55:49,578 - INFO - Model saved successfully to ./output\checkpoint_best
2024-12-30 20:55:49,580 - INFO - Saved best checkpoint at epoch 10
2024-12-30 20:55:49,580 - INFO - Epoch 10 - gen_loss: 9.5702 - disc_loss: 2.4777 - cycle_loss: 3.7762 - cls_loss: 2.3298
2024-12-30 20:55:50,374 - INFO - Saved visualization to ./output\epoch_9.png
2024-12-30 20:55:50,570 - INFO - Model saved successfully to ./output\checkpoint_epoch_10
2024-12-30 20:55:50,824 - INFO - Model saved successfully to ./output\checkpoint_epoch_10
2024-12-30 20:55:50,827 - INFO - Saved  checkpoint at epoch 10
2024-12-30 20:55:50,827 - INFO - Epoch 10/10 completed in 292.38s
2024-12-30 20:55:50,828 - INFO - 
==================================================
2024-12-30 20:55:50,828 - INFO - TRAINING COMPLETED - FINAL METRICS REPORT
2024-12-30 20:55:50,828 - INFO - ==================================================
2024-12-30 20:55:50,829 - INFO - 
Best Model Metrics (Epoch 0):
2024-12-30 20:55:50,829 - INFO - ------------------------------
2024-12-30 20:55:50,829 - INFO - gen_loss: inf
2024-12-30 20:55:50,829 - INFO - disc_loss: inf
2024-12-30 20:55:50,829 - INFO - cycle_loss: inf
2024-12-30 20:55:50,829 - INFO - cls_loss: inf
2024-12-30 20:55:50,831 - INFO - psnr_color: 0.0000
2024-12-30 20:55:50,831 - INFO - psnr_sar: 0.0000
2024-12-30 20:55:50,831 - INFO - ssim_color: 0.0000
2024-12-30 20:55:50,831 - INFO - ssim_sar: 0.0000
2024-12-30 20:55:50,831 - INFO - 
Final Average Metrics (Last 5 epochs):
2024-12-30 20:55:50,831 - INFO - ------------------------------
2024-12-30 20:55:50,831 - INFO - gen_loss: 10.6003
2024-12-30 20:55:50,832 - INFO - disc_loss: 2.4448
2024-12-30 20:55:50,832 - INFO - cycle_loss: 3.7595
2024-12-30 20:55:50,832 - INFO - cls_loss: 3.5040
2024-12-30 20:55:50,832 - INFO - psnr_color: 18.9228
2024-12-30 20:55:50,832 - INFO - psnr_sar: 18.2021
2024-12-30 20:55:50,833 - INFO - ssim_color: 0.3161
2024-12-30 20:55:50,833 - INFO - ssim_sar: 0.1917
2024-12-30 20:55:50,833 - INFO - ==================================================
2024-12-30 20:55:50,834 - INFO - 
Final metrics saved to: ./output\final_metrics.json
